<?xml version="1.0" encoding="UTF-8"?>
<!-- Generated by org.testng.reporters.JUnitReportReporter -->
<testsuite skipped="0" hostname="Rgarg" name="tests.BaseClass" tests="1" failures="0" timestamp="21 Nov 2020 11:05:25 GMT" time="0.008" errors="0">
  <testcase name="sampleTest" time="0.008" classname="tests.BaseClass"/>
</testsuite> <!-- tests.BaseClass -->
